0 info it worked if it ends with ok
1 verbose cli [ 'C:\\Program Files\\nodejs\\node.exe',
1 verbose cli   'C:\\Program Files\\nodejs\\node_modules\\npm\\bin\\npm-cli.js',
1 verbose cli   'run',
1 verbose cli   'format' ]
2 info using npm@4.1.2
3 info using node@v7.7.3
4 verbose run-script [ 'preformat', 'format', 'postformat' ]
5 info lifecycle stpatrickscelebration@1.0.3~preformat: stpatrickscelebration@1.0.3
6 silly lifecycle stpatrickscelebration@1.0.3~preformat: no script for preformat, continuing
7 info lifecycle stpatrickscelebration@1.0.3~format: stpatrickscelebration@1.0.3
8 verbose lifecycle stpatrickscelebration@1.0.3~format: unsafe-perm in lifecycle true
9 verbose lifecycle stpatrickscelebration@1.0.3~format: PATH: C:\Program Files\nodejs\node_modules\npm\bin\node-gyp-bin;C:\Users\Alexander Ananiev\TestReleaseGame\test-game-workflow\node_modules\.bin;C:\Program Files\Git\mingw64\bin;C:\Program Files\Git\usr\bin;C:\Users\Alexander Ananiev\bin;C:\Program Files (x86)\RSA SecurID Token Common;C:\Program Files\RSA SecurID Token Common;%JAVA_HOME%\bin;C:\ProgramData\Oracle\Java\javapath;C:\Windows\System32;C:\Windows;C:\Windows\System32\wbem;C:\Windows\System32\WindowsPowerShell\v1.0;C:\Program Files\Git\cmd;C:\Program Files\nodejs;C:\Program Files\nodejs;C:\Windows\System32\OpenSSH;C:\Users\Alexander Ananiev\Downloads\apache-jmeter-5.1.1\apache-jmeter-5.1.1\bin;%MAVEN_HOME%\bin;C:\Program Files\nodejs\node_modules\.bin;C:\Program Files\WindowsPowerShell;C:\Program Files\MongoDB\4.2.3\bin;C:\MinGW\msys\1.0\bin;C:\HashiCorp\Vagrant\bin;C:\Program Files\TortoiseGit\bin;C:\Program Files\PuTTY;C:\Program Files (x86)\GnuPG\bin;%GROOVY_HOME%\bin;C:\Program Files\Microsoft VS Code\bin;C:\Users\Alexander Ananiev\AppData\Local\Programs\Python\Python39\Scripts;C:\Users\Alexander Ananiev\AppData\Local\Microsoft\WindowsApps;C:\Users\Alexander Ananiev\AppData\Roaming\npm;C:\Program Files (x86)\GnuPG;C:\Program Files (x86)\BrowserStackLocal
10 verbose lifecycle stpatrickscelebration@1.0.3~format: CWD: C:\Users\Alexander Ananiev\TestReleaseGame\test-game-workflow
11 silly lifecycle stpatrickscelebration@1.0.3~format: Args: [ '/d /s /c', 'prettier --write "**/*.{js,jsx,yml,yaml,json}"' ]
12 silly lifecycle stpatrickscelebration@1.0.3~format: Returned: code: 1  signal: null
13 info lifecycle stpatrickscelebration@1.0.3~format: Failed to exec format script
14 verbose stack Error: stpatrickscelebration@1.0.3 format: `prettier --write "**/*.{js,jsx,yml,yaml,json}"`
14 verbose stack Exit status 1
14 verbose stack     at EventEmitter.<anonymous> (C:\Program Files\nodejs\node_modules\npm\lib\utils\lifecycle.js:279:16)
14 verbose stack     at emitTwo (events.js:106:13)
14 verbose stack     at EventEmitter.emit (events.js:194:7)
14 verbose stack     at ChildProcess.<anonymous> (C:\Program Files\nodejs\node_modules\npm\lib\utils\spawn.js:40:14)
14 verbose stack     at emitTwo (events.js:106:13)
14 verbose stack     at ChildProcess.emit (events.js:194:7)
14 verbose stack     at maybeClose (internal/child_process.js:899:16)
14 verbose stack     at Process.ChildProcess._handle.onexit (internal/child_process.js:226:5)
15 verbose pkgid stpatrickscelebration@1.0.3
16 verbose cwd C:\Users\Alexander Ananiev\TestReleaseGame\test-game-workflow
17 error Windows_NT 10.0.19041
18 error argv "C:\\Program Files\\nodejs\\node.exe" "C:\\Program Files\\nodejs\\node_modules\\npm\\bin\\npm-cli.js" "run" "format"
19 error node v7.7.3
20 error npm  v4.1.2
21 error code ELIFECYCLE
22 error stpatrickscelebration@1.0.3 format: `prettier --write "**/*.{js,jsx,yml,yaml,json}"`
22 error Exit status 1
23 error Failed at the stpatrickscelebration@1.0.3 format script 'prettier --write "**/*.{js,jsx,yml,yaml,json}"'.
23 error Make sure you have the latest version of node.js and npm installed.
23 error If you do, this is most likely a problem with the stpatrickscelebration package,
23 error not with npm itself.
23 error Tell the author that this fails on your system:
23 error     prettier --write "**/*.{js,jsx,yml,yaml,json}"
23 error You can get information on how to open an issue for this project with:
23 error     npm bugs stpatrickscelebration
23 error Or if that isn't available, you can get their info via:
23 error     npm owner ls stpatrickscelebration
23 error There is likely additional logging output above.
24 verbose exit [ 1, true ]
